<?xml version="1.0" encoding="UTF-8"?>
<testsuite xmlns:xsi="http://www.w3.org/2001/XMLSchema-instance" xsi:noNamespaceSchemaLocation="https://maven.apache.org/surefire/maven-surefire-plugin/xsd/surefire-test-report.xsd" name="com.hq.TestBeanBinding" time="2.813" tests="4" errors="0" skipped="0" failures="0">
  <properties>
    <property name="sun.desktop" value="windows"/>
    <property name="awt.toolkit" value="sun.awt.windows.WToolkit"/>
    <property name="java.specification.version" value="11"/>
    <property name="sun.cpu.isalist" value="amd64"/>
    <property name="sun.jnu.encoding" value="GBK"/>
    <property name="java.class.path" value="E:\01.自学笔记\04 javaEE\07 springBoot\01 自己的springBoot代码\springBoot\day01_springboot_config\target\test-classes;E:\01.自学笔记\04 javaEE\07 springBoot\01 自己的springBoot代码\springBoot\day01_springboot_config\target\classes;E:\MavenLocalRepository\org\springframework\boot\spring-boot-starter-web\2.4.4\spring-boot-starter-web-2.4.4.jar;E:\MavenLocalRepository\org\springframework\boot\spring-boot-starter\2.4.4\spring-boot-starter-2.4.4.jar;E:\MavenLocalRepository\org\springframework\boot\spring-boot\2.4.4\spring-boot-2.4.4.jar;E:\MavenLocalRepository\org\springframework\boot\spring-boot-autoconfigure\2.4.4\spring-boot-autoconfigure-2.4.4.jar;E:\MavenLocalRepository\org\springframework\boot\spring-boot-starter-logging\2.4.4\spring-boot-starter-logging-2.4.4.jar;E:\MavenLocalRepository\ch\qos\logback\logback-classic\1.2.3\logback-classic-1.2.3.jar;E:\MavenLocalRepository\ch\qos\logback\logback-core\1.2.3\logback-core-1.2.3.jar;E:\MavenLocalRepository\org\apache\logging\log4j\log4j-to-slf4j\2.13.3\log4j-to-slf4j-2.13.3.jar;E:\MavenLocalRepository\org\apache\logging\log4j\log4j-api\2.13.3\log4j-api-2.13.3.jar;E:\MavenLocalRepository\org\slf4j\jul-to-slf4j\1.7.30\jul-to-slf4j-1.7.30.jar;E:\MavenLocalRepository\jakarta\annotation\jakarta.annotation-api\1.3.5\jakarta.annotation-api-1.3.5.jar;E:\MavenLocalRepository\org\yaml\snakeyaml\1.27\snakeyaml-1.27.jar;E:\MavenLocalRepository\org\springframework\boot\spring-boot-starter-json\2.4.4\spring-boot-starter-json-2.4.4.jar;E:\MavenLocalRepository\com\fasterxml\jackson\core\jackson-databind\2.11.4\jackson-databind-2.11.4.jar;E:\MavenLocalRepository\com\fasterxml\jackson\core\jackson-annotations\2.11.4\jackson-annotations-2.11.4.jar;E:\MavenLocalRepository\com\fasterxml\jackson\core\jackson-core\2.11.4\jackson-core-2.11.4.jar;E:\MavenLocalRepository\com\fasterxml\jackson\datatype\jackson-datatype-jdk8\2.11.4\jackson-datatype-jdk8-2.11.4.jar;E:\MavenLocalRepository\com\fasterxml\jackson\datatype\jackson-datatype-jsr310\2.11.4\jackson-datatype-jsr310-2.11.4.jar;E:\MavenLocalRepository\com\fasterxml\jackson\module\jackson-module-parameter-names\2.11.4\jackson-module-parameter-names-2.11.4.jar;E:\MavenLocalRepository\org\springframework\boot\spring-boot-starter-tomcat\2.4.4\spring-boot-starter-tomcat-2.4.4.jar;E:\MavenLocalRepository\org\apache\tomcat\embed\tomcat-embed-core\9.0.44\tomcat-embed-core-9.0.44.jar;E:\MavenLocalRepository\org\apache\tomcat\embed\tomcat-embed-websocket\9.0.44\tomcat-embed-websocket-9.0.44.jar;E:\MavenLocalRepository\org\springframework\spring-web\5.3.5\spring-web-5.3.5.jar;E:\MavenLocalRepository\org\springframework\spring-beans\5.3.5\spring-beans-5.3.5.jar;E:\MavenLocalRepository\org\springframework\spring-webmvc\5.3.5\spring-webmvc-5.3.5.jar;E:\MavenLocalRepository\org\springframework\spring-aop\5.3.5\spring-aop-5.3.5.jar;E:\MavenLocalRepository\org\springframework\spring-context\5.3.5\spring-context-5.3.5.jar;E:\MavenLocalRepository\org\springframework\spring-expression\5.3.5\spring-expression-5.3.5.jar;E:\MavenLocalRepository\org\projectlombok\lombok\1.18.18\lombok-1.18.18.jar;E:\MavenLocalRepository\org\springframework\boot\spring-boot-starter-test\2.4.4\spring-boot-starter-test-2.4.4.jar;E:\MavenLocalRepository\org\springframework\boot\spring-boot-test\2.4.4\spring-boot-test-2.4.4.jar;E:\MavenLocalRepository\org\springframework\boot\spring-boot-test-autoconfigure\2.4.4\spring-boot-test-autoconfigure-2.4.4.jar;E:\MavenLocalRepository\com\jayway\jsonpath\json-path\2.4.0\json-path-2.4.0.jar;E:\MavenLocalRepository\net\minidev\json-smart\2.3\json-smart-2.3.jar;E:\MavenLocalRepository\net\minidev\accessors-smart\1.2\accessors-smart-1.2.jar;E:\MavenLocalRepository\org\ow2\asm\asm\5.0.4\asm-5.0.4.jar;E:\MavenLocalRepository\org\slf4j\slf4j-api\1.7.30\slf4j-api-1.7.30.jar;E:\MavenLocalRepository\jakarta\xml\bind\jakarta.xml.bind-api\2.3.3\jakarta.xml.bind-api-2.3.3.jar;E:\MavenLocalRepository\jakarta\activation\jakarta.activation-api\1.2.2\jakarta.activation-api-1.2.2.jar;E:\MavenLocalRepository\org\assertj\assertj-core\3.18.1\assertj-core-3.18.1.jar;E:\MavenLocalRepository\org\hamcrest\hamcrest\2.2\hamcrest-2.2.jar;E:\MavenLocalRepository\org\junit\jupiter\junit-jupiter\5.7.1\junit-jupiter-5.7.1.jar;E:\MavenLocalRepository\org\junit\jupiter\junit-jupiter-api\5.7.1\junit-jupiter-api-5.7.1.jar;E:\MavenLocalRepository\org\apiguardian\apiguardian-api\1.1.0\apiguardian-api-1.1.0.jar;E:\MavenLocalRepository\org\opentest4j\opentest4j\1.2.0\opentest4j-1.2.0.jar;E:\MavenLocalRepository\org\junit\platform\junit-platform-commons\1.7.1\junit-platform-commons-1.7.1.jar;E:\MavenLocalRepository\org\junit\jupiter\junit-jupiter-params\5.7.1\junit-jupiter-params-5.7.1.jar;E:\MavenLocalRepository\org\junit\jupiter\junit-jupiter-engine\5.7.1\junit-jupiter-engine-5.7.1.jar;E:\MavenLocalRepository\org\junit\platform\junit-platform-engine\1.7.1\junit-platform-engine-1.7.1.jar;E:\MavenLocalRepository\org\mockito\mockito-core\3.6.28\mockito-core-3.6.28.jar;E:\MavenLocalRepository\net\bytebuddy\byte-buddy\1.10.22\byte-buddy-1.10.22.jar;E:\MavenLocalRepository\net\bytebuddy\byte-buddy-agent\1.10.22\byte-buddy-agent-1.10.22.jar;E:\MavenLocalRepository\org\objenesis\objenesis\3.1\objenesis-3.1.jar;E:\MavenLocalRepository\org\mockito\mockito-junit-jupiter\3.6.28\mockito-junit-jupiter-3.6.28.jar;E:\MavenLocalRepository\org\skyscreamer\jsonassert\1.5.0\jsonassert-1.5.0.jar;E:\MavenLocalRepository\com\vaadin\external\google\android-json\0.0.20131108.vaadin1\android-json-0.0.20131108.vaadin1.jar;E:\MavenLocalRepository\org\springframework\spring-core\5.3.5\spring-core-5.3.5.jar;E:\MavenLocalRepository\org\springframework\spring-jcl\5.3.5\spring-jcl-5.3.5.jar;E:\MavenLocalRepository\org\springframework\spring-test\5.3.5\spring-test-5.3.5.jar;E:\MavenLocalRepository\org\xmlunit\xmlunit-core\2.7.0\xmlunit-core-2.7.0.jar;E:\MavenLocalRepository\org\springframework\boot\spring-boot-configuration-processor\2.4.4\spring-boot-configuration-processor-2.4.4.jar;E:\MavenLocalRepository\junit\junit\4.13.2\junit-4.13.2.jar;E:\MavenLocalRepository\org\hamcrest\hamcrest-core\2.2\hamcrest-core-2.2.jar;E:\MavenLocalRepository\org\springframework\boot\spring-boot-starter-validation\2.4.4\spring-boot-starter-validation-2.4.4.jar;E:\MavenLocalRepository\org\glassfish\jakarta.el\3.0.3\jakarta.el-3.0.3.jar;E:\MavenLocalRepository\org\hibernate\validator\hibernate-validator\6.1.7.Final\hibernate-validator-6.1.7.Final.jar;E:\MavenLocalRepository\jakarta\validation\jakarta.validation-api\2.0.2\jakarta.validation-api-2.0.2.jar;E:\MavenLocalRepository\org\jboss\logging\jboss-logging\3.4.1.Final\jboss-logging-3.4.1.Final.jar;E:\MavenLocalRepository\com\fasterxml\classmate\1.5.1\classmate-1.5.1.jar;"/>
    <property name="java.vm.vendor" value="Oracle Corporation"/>
    <property name="sun.arch.data.model" value="64"/>
    <property name="user.variant" value=""/>
    <property name="java.vendor.url" value="https://openjdk.java.net/"/>
    <property name="user.timezone" value="Asia/Shanghai"/>
    <property name="java.vm.specification.version" value="11"/>
    <property name="os.name" value="Windows 10"/>
    <property name="sun.java.launcher" value="SUN_STANDARD"/>
    <property name="user.country" value="CN"/>
    <property name="sun.boot.library.path" value="C:\Program Files\Java\jdk-11.0.8\bin"/>
    <property name="sun.java.command" value="C:\Users\86159\AppData\Local\Temp\surefire8282688590506364085\surefirebooter8435209250376902789.jar C:\Users\86159\AppData\Local\Temp\surefire8282688590506364085 2021-05-13T18-34-22_881-jvmRun1 surefire9088027725048660144tmp surefire_012656478782732720593tmp"/>
    <property name="jdk.debug" value="release"/>
    <property name="surefire.test.class.path" value="E:\01.自学笔记\04 javaEE\07 springBoot\01 自己的springBoot代码\springBoot\day01_springboot_config\target\test-classes;E:\01.自学笔记\04 javaEE\07 springBoot\01 自己的springBoot代码\springBoot\day01_springboot_config\target\classes;E:\MavenLocalRepository\org\springframework\boot\spring-boot-starter-web\2.4.4\spring-boot-starter-web-2.4.4.jar;E:\MavenLocalRepository\org\springframework\boot\spring-boot-starter\2.4.4\spring-boot-starter-2.4.4.jar;E:\MavenLocalRepository\org\springframework\boot\spring-boot\2.4.4\spring-boot-2.4.4.jar;E:\MavenLocalRepository\org\springframework\boot\spring-boot-autoconfigure\2.4.4\spring-boot-autoconfigure-2.4.4.jar;E:\MavenLocalRepository\org\springframework\boot\spring-boot-starter-logging\2.4.4\spring-boot-starter-logging-2.4.4.jar;E:\MavenLocalRepository\ch\qos\logback\logback-classic\1.2.3\logback-classic-1.2.3.jar;E:\MavenLocalRepository\ch\qos\logback\logback-core\1.2.3\logback-core-1.2.3.jar;E:\MavenLocalRepository\org\apache\logging\log4j\log4j-to-slf4j\2.13.3\log4j-to-slf4j-2.13.3.jar;E:\MavenLocalRepository\org\apache\logging\log4j\log4j-api\2.13.3\log4j-api-2.13.3.jar;E:\MavenLocalRepository\org\slf4j\jul-to-slf4j\1.7.30\jul-to-slf4j-1.7.30.jar;E:\MavenLocalRepository\jakarta\annotation\jakarta.annotation-api\1.3.5\jakarta.annotation-api-1.3.5.jar;E:\MavenLocalRepository\org\yaml\snakeyaml\1.27\snakeyaml-1.27.jar;E:\MavenLocalRepository\org\springframework\boot\spring-boot-starter-json\2.4.4\spring-boot-starter-json-2.4.4.jar;E:\MavenLocalRepository\com\fasterxml\jackson\core\jackson-databind\2.11.4\jackson-databind-2.11.4.jar;E:\MavenLocalRepository\com\fasterxml\jackson\core\jackson-annotations\2.11.4\jackson-annotations-2.11.4.jar;E:\MavenLocalRepository\com\fasterxml\jackson\core\jackson-core\2.11.4\jackson-core-2.11.4.jar;E:\MavenLocalRepository\com\fasterxml\jackson\datatype\jackson-datatype-jdk8\2.11.4\jackson-datatype-jdk8-2.11.4.jar;E:\MavenLocalRepository\com\fasterxml\jackson\datatype\jackson-datatype-jsr310\2.11.4\jackson-datatype-jsr310-2.11.4.jar;E:\MavenLocalRepository\com\fasterxml\jackson\module\jackson-module-parameter-names\2.11.4\jackson-module-parameter-names-2.11.4.jar;E:\MavenLocalRepository\org\springframework\boot\spring-boot-starter-tomcat\2.4.4\spring-boot-starter-tomcat-2.4.4.jar;E:\MavenLocalRepository\org\apache\tomcat\embed\tomcat-embed-core\9.0.44\tomcat-embed-core-9.0.44.jar;E:\MavenLocalRepository\org\apache\tomcat\embed\tomcat-embed-websocket\9.0.44\tomcat-embed-websocket-9.0.44.jar;E:\MavenLocalRepository\org\springframework\spring-web\5.3.5\spring-web-5.3.5.jar;E:\MavenLocalRepository\org\springframework\spring-beans\5.3.5\spring-beans-5.3.5.jar;E:\MavenLocalRepository\org\springframework\spring-webmvc\5.3.5\spring-webmvc-5.3.5.jar;E:\MavenLocalRepository\org\springframework\spring-aop\5.3.5\spring-aop-5.3.5.jar;E:\MavenLocalRepository\org\springframework\spring-context\5.3.5\spring-context-5.3.5.jar;E:\MavenLocalRepository\org\springframework\spring-expression\5.3.5\spring-expression-5.3.5.jar;E:\MavenLocalRepository\org\projectlombok\lombok\1.18.18\lombok-1.18.18.jar;E:\MavenLocalRepository\org\springframework\boot\spring-boot-starter-test\2.4.4\spring-boot-starter-test-2.4.4.jar;E:\MavenLocalRepository\org\springframework\boot\spring-boot-test\2.4.4\spring-boot-test-2.4.4.jar;E:\MavenLocalRepository\org\springframework\boot\spring-boot-test-autoconfigure\2.4.4\spring-boot-test-autoconfigure-2.4.4.jar;E:\MavenLocalRepository\com\jayway\jsonpath\json-path\2.4.0\json-path-2.4.0.jar;E:\MavenLocalRepository\net\minidev\json-smart\2.3\json-smart-2.3.jar;E:\MavenLocalRepository\net\minidev\accessors-smart\1.2\accessors-smart-1.2.jar;E:\MavenLocalRepository\org\ow2\asm\asm\5.0.4\asm-5.0.4.jar;E:\MavenLocalRepository\org\slf4j\slf4j-api\1.7.30\slf4j-api-1.7.30.jar;E:\MavenLocalRepository\jakarta\xml\bind\jakarta.xml.bind-api\2.3.3\jakarta.xml.bind-api-2.3.3.jar;E:\MavenLocalRepository\jakarta\activation\jakarta.activation-api\1.2.2\jakarta.activation-api-1.2.2.jar;E:\MavenLocalRepository\org\assertj\assertj-core\3.18.1\assertj-core-3.18.1.jar;E:\MavenLocalRepository\org\hamcrest\hamcrest\2.2\hamcrest-2.2.jar;E:\MavenLocalRepository\org\junit\jupiter\junit-jupiter\5.7.1\junit-jupiter-5.7.1.jar;E:\MavenLocalRepository\org\junit\jupiter\junit-jupiter-api\5.7.1\junit-jupiter-api-5.7.1.jar;E:\MavenLocalRepository\org\apiguardian\apiguardian-api\1.1.0\apiguardian-api-1.1.0.jar;E:\MavenLocalRepository\org\opentest4j\opentest4j\1.2.0\opentest4j-1.2.0.jar;E:\MavenLocalRepository\org\junit\platform\junit-platform-commons\1.7.1\junit-platform-commons-1.7.1.jar;E:\MavenLocalRepository\org\junit\jupiter\junit-jupiter-params\5.7.1\junit-jupiter-params-5.7.1.jar;E:\MavenLocalRepository\org\junit\jupiter\junit-jupiter-engine\5.7.1\junit-jupiter-engine-5.7.1.jar;E:\MavenLocalRepository\org\junit\platform\junit-platform-engine\1.7.1\junit-platform-engine-1.7.1.jar;E:\MavenLocalRepository\org\mockito\mockito-core\3.6.28\mockito-core-3.6.28.jar;E:\MavenLocalRepository\net\bytebuddy\byte-buddy\1.10.22\byte-buddy-1.10.22.jar;E:\MavenLocalRepository\net\bytebuddy\byte-buddy-agent\1.10.22\byte-buddy-agent-1.10.22.jar;E:\MavenLocalRepository\org\objenesis\objenesis\3.1\objenesis-3.1.jar;E:\MavenLocalRepository\org\mockito\mockito-junit-jupiter\3.6.28\mockito-junit-jupiter-3.6.28.jar;E:\MavenLocalRepository\org\skyscreamer\jsonassert\1.5.0\jsonassert-1.5.0.jar;E:\MavenLocalRepository\com\vaadin\external\google\android-json\0.0.20131108.vaadin1\android-json-0.0.20131108.vaadin1.jar;E:\MavenLocalRepository\org\springframework\spring-core\5.3.5\spring-core-5.3.5.jar;E:\MavenLocalRepository\org\springframework\spring-jcl\5.3.5\spring-jcl-5.3.5.jar;E:\MavenLocalRepository\org\springframework\spring-test\5.3.5\spring-test-5.3.5.jar;E:\MavenLocalRepository\org\xmlunit\xmlunit-core\2.7.0\xmlunit-core-2.7.0.jar;E:\MavenLocalRepository\org\springframework\boot\spring-boot-configuration-processor\2.4.4\spring-boot-configuration-processor-2.4.4.jar;E:\MavenLocalRepository\junit\junit\4.13.2\junit-4.13.2.jar;E:\MavenLocalRepository\org\hamcrest\hamcrest-core\2.2\hamcrest-core-2.2.jar;E:\MavenLocalRepository\org\springframework\boot\spring-boot-starter-validation\2.4.4\spring-boot-starter-validation-2.4.4.jar;E:\MavenLocalRepository\org\glassfish\jakarta.el\3.0.3\jakarta.el-3.0.3.jar;E:\MavenLocalRepository\org\hibernate\validator\hibernate-validator\6.1.7.Final\hibernate-validator-6.1.7.Final.jar;E:\MavenLocalRepository\jakarta\validation\jakarta.validation-api\2.0.2\jakarta.validation-api-2.0.2.jar;E:\MavenLocalRepository\org\jboss\logging\jboss-logging\3.4.1.Final\jboss-logging-3.4.1.Final.jar;E:\MavenLocalRepository\com\fasterxml\classmate\1.5.1\classmate-1.5.1.jar;"/>
    <property name="sun.cpu.endian" value="little"/>
    <property name="user.home" value="C:\Users\86159"/>
    <property name="user.language" value="zh"/>
    <property name="java.specification.vendor" value="Oracle Corporation"/>
    <property name="java.version.date" value="2020-07-14"/>
    <property name="java.home" value="C:\Program Files\Java\jdk-11.0.8"/>
    <property name="file.separator" value="\"/>
    <property name="basedir" value="E:\01.自学笔记\04 javaEE\07 springBoot\01 自己的springBoot代码\springBoot\day01_springboot_config"/>
    <property name="java.vm.compressedOopsMode" value="Zero based"/>
    <property name="line.separator" value="&#10;"/>
    <property name="java.specification.name" value="Java Platform API Specification"/>
    <property name="java.vm.specification.vendor" value="Oracle Corporation"/>
    <property name="java.awt.graphicsenv" value="sun.awt.Win32GraphicsEnvironment"/>
    <property name="surefire.real.class.path" value="C:\Users\86159\AppData\Local\Temp\surefire8282688590506364085\surefirebooter8435209250376902789.jar"/>
    <property name="user.script" value=""/>
    <property name="sun.management.compiler" value="HotSpot 64-Bit Tiered Compilers"/>
    <property name="java.runtime.version" value="11.0.8+10-LTS"/>
    <property name="user.name" value="86159"/>
    <property name="path.separator" value=";"/>
    <property name="os.version" value="10.0"/>
    <property name="java.runtime.name" value="Java(TM) SE Runtime Environment"/>
    <property name="file.encoding" value="GBK"/>
    <property name="java.vm.name" value="Java HotSpot(TM) 64-Bit Server VM"/>
    <property name="java.vendor.version" value="18.9"/>
    <property name="localRepository" value="E:\MavenLocalRepository"/>
    <property name="java.vendor.url.bug" value="https://bugreport.java.com/bugreport/"/>
    <property name="java.io.tmpdir" value="C:\Users\86159\AppData\Local\Temp\"/>
    <property name="java.version" value="11.0.8"/>
    <property name="user.dir" value="E:\01.自学笔记\04 javaEE\07 springBoot\01 自己的springBoot代码\springBoot\day01_springboot_config"/>
    <property name="os.arch" value="amd64"/>
    <property name="java.vm.specification.name" value="Java Virtual Machine Specification"/>
    <property name="java.awt.printerjob" value="sun.awt.windows.WPrinterJob"/>
    <property name="sun.os.patch.level" value=""/>
    <property name="idea.version2019.3.3" value="true"/>
    <property name="java.library.path" value="C:\Program Files\Java\jdk-11.0.8\bin;C:\WINDOWS\Sun\Java\bin;C:\WINDOWS\system32;C:\WINDOWS;C:\app\86159\product\11.2.0\dbhome_1\bin;C:\Program Files\Java\jdk-11.0.8\bin;C:\Program Files\Common Files\Oracle\Java\javapath;C:\Program Files\Java\jdk-11.0.8\bin;C:\Program Files\Java\jdk-11.0.8\jre\bin;C:\Program Files (x86)\Common Files\Oracle\Java\javapath;C:\ProgramData\Oracle\Java\javapath;C:\Windows\system32;C:\Windows;C:\Windows\System32\Wbem;C:\Windows\System32\WindowsPowerShell\v1.0\;C:\Windows\System32\OpenSSH\;C:\Program Files\Intel\WiFi\bin\;C:\Program Files\Common Files\Intel\WirelessCommon\;C:\Program Files\NVIDIA Corporation\NVIDIA NGX;C:\Program Files (x86)\NVIDIA Corporation\PhysX\Common;C:\Program Files\NVIDIA Corporation\NVIDIA NvDLISR;c:\Program Files (x86)\Microsoft SQL Server\100\Tools\Binn\;c:\Program Files\Microsoft SQL Server\100\Tools\Binn\;c:\Program Files\Microsoft SQL Server\100\DTS\Binn\;C:\Program Files\MySQL\MySQL Server 5.5\bin;D:\Maven\apache-maven-3.6.3\bin;D:\02-studyAssistApplication\Xftp\;D:\02-studyAssistApplication\XShell7\;C:\WINDOWS\system32;C:\WINDOWS;C:\WINDOWS\System32\Wbem;C:\WINDOWS\System32\WindowsPowerShell\v1.0\;C:\WINDOWS\System32\OpenSSH\;C:\Users\86159\AppData\Local\Microsoft\WindowsApps;D:\ideaIU-2019.3.3\IntelliJ IDEA 2019.3.3\bin;C:\Users\86159\AppData\Local\Programs\Microsoft VS Code\bin;."/>
    <property name="java.vendor" value="Oracle Corporation"/>
    <property name="java.vm.info" value="mixed mode"/>
    <property name="java.vm.version" value="11.0.8+10-LTS"/>
    <property name="sun.io.unicode.encoding" value="UnicodeLittle"/>
    <property name="maven.repo.local" value="E:\MavenLocalRepository"/>
    <property name="java.class.version" value="55.0"/>
  </properties>
  <testcase name="testImportResource" classname="com.hq.TestBeanBinding" time="0.335"/>
  <testcase name="testPlaceholder" classname="com.hq.TestBeanBinding" time="0.016"/>
  <testcase name="testConfigurationProperties" classname="com.hq.TestBeanBinding" time="0.029"/>
  <testcase name="testPropertySource" classname="com.hq.TestBeanBinding" time="0.004"/>
</testsuite>